0 info it worked if it ends with ok
1 verbose cli [ 'node', '/usr/local/bin/npm', 'install', 'nodemon', '-g' ]
2 info using npm@2.7.5
3 info using node@v0.12.2
4 verbose node symlink /usr/local/bin/node
5 silly cache add args [ 'nodemon', null ]
6 verbose cache add spec nodemon
7 silly cache add parsed spec { raw: 'nodemon',
7 silly cache add   scope: null,
7 silly cache add   name: 'nodemon',
7 silly cache add   rawSpec: '',
7 silly cache add   spec: '*',
7 silly cache add   type: 'range' }
8 verbose addNamed nodemon@*
9 silly addNamed semver.valid null
10 silly addNamed semver.validRange *
11 silly addNameRange { name: 'nodemon', range: '*', hasData: false }
12 silly mapToRegistry name nodemon
13 silly mapToRegistry using default registry
14 silly mapToRegistry registry https://registry.npmjs.org/
15 silly mapToRegistry uri https://registry.npmjs.org/nodemon
16 verbose addNameRange registry:https://registry.npmjs.org/nodemon not in flight; fetching
17 verbose request uri https://registry.npmjs.org/nodemon
18 verbose request no auth needed
19 info attempt registry request try #1 at 15:57:08
20 verbose request id 06d1bcc8f8fb6f0f
21 verbose etag "51QL0CHTW6PMRC7Y7CJPASYJX"
22 http request GET https://registry.npmjs.org/nodemon
23 http 200 https://registry.npmjs.org/nodemon
24 silly get cb [ 200,
24 silly get   { server: 'CouchDB/1.5.0 (Erlang OTP/R16B03)',
24 silly get     etag: '"BRJ33D8XD4O4J99HPNYPQBLMZ"',
24 silly get     'content-type': 'application/json',
24 silly get     'cache-control': 'max-age=60',
24 silly get     'content-length': '146654',
24 silly get     'accept-ranges': 'bytes',
24 silly get     date: 'Sun, 24 May 2015 19:57:06 GMT',
24 silly get     via: '1.1 varnish',
24 silly get     age: '0',
24 silly get     connection: 'keep-alive',
24 silly get     'x-served-by': 'cache-jfk1030-JFK',
24 silly get     'x-cache': 'HIT',
24 silly get     'x-cache-hits': '1',
24 silly get     'x-timer': 'S1432497426.255498,VS0,VE18',
24 silly get     vary: 'Accept' } ]
25 verbose get saving nodemon to /Users/alecortega/.npm/registry.npmjs.org/nodemon/.cache.json
26 silly addNameRange number 2 { name: 'nodemon', range: '*', hasData: true }
27 silly addNameRange versions [ 'nodemon',
27 silly addNameRange   [ '0.1.4',
27 silly addNameRange     '0.1.5',
27 silly addNameRange     '0.1.6',
27 silly addNameRange     '0.1.7',
27 silly addNameRange     '0.1.8',
27 silly addNameRange     '0.2.0',
27 silly addNameRange     '0.2.1',
27 silly addNameRange     '0.2.2',
27 silly addNameRange     '0.3.0',
27 silly addNameRange     '0.3.1',
27 silly addNameRange     '0.3.2',
27 silly addNameRange     '0.4.0',
27 silly addNameRange     '0.4.1',
27 silly addNameRange     '0.5.0',
27 silly addNameRange     '0.5.1',
27 silly addNameRange     '0.5.2',
27 silly addNameRange     '0.5.3',
27 silly addNameRange     '0.5.4',
27 silly addNameRange     '0.5.5',
27 silly addNameRange     '0.5.6',
27 silly addNameRange     '0.5.7',
27 silly addNameRange     '0.6.0',
27 silly addNameRange     '0.6.1',
27 silly addNameRange     '0.6.2',
27 silly addNameRange     '0.6.3',
27 silly addNameRange     '0.6.4',
27 silly addNameRange     '0.6.5',
27 silly addNameRange     '0.6.6',
27 silly addNameRange     '0.6.7',
27 silly addNameRange     '0.6.8',
27 silly addNameRange     '0.6.9',
27 silly addNameRange     '0.6.10',
27 silly addNameRange     '0.6.11',
27 silly addNameRange     '0.6.12',
27 silly addNameRange     '0.6.13',
27 silly addNameRange     '0.6.14',
27 silly addNameRange     '0.6.15',
27 silly addNameRange     '0.6.16',
27 silly addNameRange     '0.6.17',
27 silly addNameRange     '0.6.18',
27 silly addNameRange     '0.6.19',
27 silly addNameRange     '0.6.20',
27 silly addNameRange     '0.6.21',
27 silly addNameRange     '0.6.22',
27 silly addNameRange     '0.6.23',
27 silly addNameRange     '0.7.0',
27 silly addNameRange     '0.7.1',
27 silly addNameRange     '0.7.2',
27 silly addNameRange     '0.7.3',
27 silly addNameRange     '0.7.4',
27 silly addNameRange     '0.7.5',
27 silly addNameRange     '0.7.6',
27 silly addNameRange     '0.7.7',
27 silly addNameRange     '0.7.8',
27 silly addNameRange     '0.7.10',
27 silly addNameRange     '0.9.0',
27 silly addNameRange     '0.9.1',
27 silly addNameRange     '0.9.2',
27 silly addNameRange     '0.9.3',
27 silly addNameRange     '0.9.5',
27 silly addNameRange     '0.9.6',
27 silly addNameRange     '0.9.7',
27 silly addNameRange     '0.9.10',
27 silly addNameRange     '0.9.11',
27 silly addNameRange     '0.9.12',
27 silly addNameRange     '0.9.14',
27 silly addNameRange     '0.9.16',
27 silly addNameRange     '0.9.17',
27 silly addNameRange     '1.0.0',
27 silly addNameRange     '1.0.1',
27 silly addNameRange     '1.0.2',
27 silly addNameRange     '1.0.2-rc',
27 silly addNameRange     '0.6.10-a',
27 silly addNameRange     '1.0.2-rc3',
27 silly addNameRange     '1.0.2-rc4',
27 silly addNameRange     '1.0.3',
27 silly addNameRange     '1.0.4',
27 silly addNameRange     '1.0.5',
27 silly addNameRange     '1.0.6',
27 silly addNameRange     '1.0.7',
27 silly addNameRange     '1.0.8',
27 silly addNameRange     '1.0.9',
27 silly addNameRange     '1.0.10',
27 silly addNameRange     '1.0.11',
27 silly addNameRange     '1.0.12',
27 silly addNameRange     '1.0.13',
27 silly addNameRange     '1.0.14',
27 silly addNameRange     '1.0.15',
27 silly addNameRange     '1.0.16',
27 silly addNameRange     '1.0.17-rc1',
27 silly addNameRange     '1.0.17-rc2',
27 silly addNameRange     '1.0.17',
27 silly addNameRange     '1.0.18',
27 silly addNameRange     '1.0.19',
27 silly addNameRange     '1.0.20',
27 silly addNameRange     '1.1.0-alpha',
27 silly addNameRange     '1.1.0',
27 silly addNameRange     '1.1.1',
27 silly addNameRange     '1.2.0',
27 silly addNameRange     '1.2.1',
27 silly addNameRange     '1.3.0-0',
27 silly addNameRange     '1.3.0-1',
27 silly addNameRange     '1.3.0-2',
27 silly addNameRange     '1.3.0-3',
27 silly addNameRange     '1.3.0-4',
27 silly addNameRange     '1.3.0-5',
27 silly addNameRange     '1.3.0-6',
27 silly addNameRange     '1.3.0-7',
27 silly addNameRange     '1.3.0',
27 silly addNameRange     '1.3.1',
27 silly addNameRange     '1.3.2',
27 silly addNameRange     '1.3.3',
27 silly addNameRange     '1.3.5',
27 silly addNameRange     '1.3.6',
27 silly addNameRange     '1.3.7' ] ]
28 verbose addNamed nodemon@1.3.7
29 silly addNamed semver.valid 1.3.7
30 silly addNamed semver.validRange 1.3.7
31 silly cache afterAdd nodemon@1.3.7
32 verbose afterAdd /Users/alecortega/.npm/nodemon/1.3.7/package/package.json not in flight; writing
33 verbose afterAdd /Users/alecortega/.npm/nodemon/1.3.7/package/package.json written
34 silly install resolved [ { name: 'nodemon',
34 silly install resolved     homepage: 'http://nodemon.io',
34 silly install resolved     author: { name: 'Remy Sharp', url: 'http://github.com/remy' },
34 silly install resolved     bin: { nodemon: './bin/nodemon.js' },
34 silly install resolved     engines: { node: '>=0.8' },
34 silly install resolved     repository: { type: 'git', url: 'http://github.com/remy/nodemon.git' },
34 silly install resolved     description: 'Simple monitor script for use during development of a node.js app.',
34 silly install resolved     keywords:
34 silly install resolved      [ 'monitor',
34 silly install resolved        'development',
34 silly install resolved        'restart',
34 silly install resolved        'autoload',
34 silly install resolved        'reload',
34 silly install resolved        'terminal' ],
34 silly install resolved     version: '1.3.7',
34 silly install resolved     preferGlobal: 'true',
34 silly install resolved     licenses: [ [Object] ],
34 silly install resolved     main: './lib/nodemon',
34 silly install resolved     scripts:
34 silly install resolved      { coverage: 'istanbul cover _mocha -- --timeout 30000 --ui bdd --reporter list test/**/*.test.js',
34 silly install resolved        ':test': 'mocha --timeout 30000 --ui bdd test/**/*.test.js',
34 silly install resolved        test: 'for FILE in test/**/*.test.js; do echo $FILE; ./node_modules/.bin/mocha --timeout 30000 $FILE; if [ $? -ne 0 ]; then exit 1; fi; sleep 1; done',
34 silly install resolved        web: 'node web' },
34 silly install resolved     devDependencies:
34 silly install resolved      { 'coffee-script': '~1.7.1',
34 silly install resolved        connect: '~2.19.1',
34 silly install resolved        istanbul: '~0.2.10',
34 silly install resolved        mocha: '^2.0.1',
34 silly install resolved        should: '~4.0.0' },
34 silly install resolved     dependencies:
34 silly install resolved      { minimatch: '~0.3.0',
34 silly install resolved        'ps-tree': '~0.0.3',
34 silly install resolved        touch: '~0.0.3',
34 silly install resolved        'update-notifier': '^0.3.0' },
34 silly install resolved     gitHead: 'ceb53ce403f7b5a39ba4c133f73fe780e472209e',
34 silly install resolved     bugs: { url: 'https://github.com/remy/nodemon/issues' },
34 silly install resolved     _id: 'nodemon@1.3.7',
34 silly install resolved     _shasum: '447bc2e01bf499cbf5853f9937496e0a04835449',
34 silly install resolved     _from: 'nodemon@*',
34 silly install resolved     _npmVersion: '1.4.28',
34 silly install resolved     _npmUser: { name: 'remy', email: 'remy@remysharp.com' },
34 silly install resolved     maintainers: [ [Object] ],
34 silly install resolved     dist:
34 silly install resolved      { shasum: '447bc2e01bf499cbf5853f9937496e0a04835449',
34 silly install resolved        tarball: 'http://registry.npmjs.org/nodemon/-/nodemon-1.3.7.tgz' },
34 silly install resolved     directories: {},
34 silly install resolved     _resolved: 'https://registry.npmjs.org/nodemon/-/nodemon-1.3.7.tgz',
34 silly install resolved     readme: 'ERROR: No README data found!' } ]
35 info install nodemon@1.3.7 into /usr/local/lib
36 info installOne nodemon@1.3.7
37 verbose installOne of nodemon to /usr/local/lib not in flight; installing
38 verbose lock using /Users/alecortega/.npm/_locks/nodemon-49f7ed19e778991e.lock for /usr/local/lib/node_modules/nodemon
39 silly install write writing nodemon 1.3.7 to /usr/local/lib/node_modules/nodemon
40 silly cache addNamed cb nodemon@1.3.7
41 verbose unbuild lib/node_modules/nodemon
42 info preuninstall nodemon@1.3.7
43 info uninstall nodemon@1.3.7
44 verbose unbuild rmStuff nodemon@1.3.7 from /usr/local/lib/node_modules
45 silly gentlyRm /usr/local/bin/nodemon is being gently removed
46 silly gentlyRm verifying /usr/local is an npm working directory
47 silly gentlyRm containing path /usr/local is under npm's control, in /usr/local
48 silly gentlyRm deletion target /usr/local/bin/nodemon is under /usr/local
49 verbose gentlyRm vacuuming from /usr/local/bin/nodemon up to /usr/local
50 silly vacuum-fs removing /usr/local/bin/nodemon
51 silly vacuum-fs quitting because other entries in /usr/local/bin
52 info postuninstall nodemon@1.3.7
53 silly gentlyRm /usr/local/lib/node_modules/nodemon is being purged from base /usr/local
54 verbose gentlyRm don't care about contents; nuking /usr/local/lib/node_modules/nodemon
55 silly vacuum-fs purging /usr/local/lib/node_modules/nodemon
56 verbose unlock done using /Users/alecortega/.npm/_locks/nodemon-49f7ed19e778991e.lock for /usr/local/lib/node_modules/nodemon
57 verbose stack Error: EACCES, unlink '/usr/local/lib/node_modules/nodemon/.jshintrc'
57 verbose stack     at Error (native)
58 verbose cwd /Users/alecortega/Dropbox/personal-website-original
59 error Darwin 14.3.0
60 error argv "node" "/usr/local/bin/npm" "install" "nodemon" "-g"
61 error node v0.12.2
62 error npm  v2.7.5
63 error path /usr/local/lib/node_modules/nodemon/.jshintrc
64 error code EACCES
65 error errno -13
66 error Error: EACCES, unlink '/usr/local/lib/node_modules/nodemon/.jshintrc'
66 error     at Error (native)
66 error  { [Error: EACCES, unlink '/usr/local/lib/node_modules/nodemon/.jshintrc']
66 error   errno: -13,
66 error   code: 'EACCES',
66 error   path: '/usr/local/lib/node_modules/nodemon/.jshintrc' }
67 error Please try running this command again as root/Administrator.
68 verbose exit [ -13, true ]
69 verbose unbuild lib/node_modules/nodemon
70 info preuninstall nodemon@1.3.7
71 info uninstall nodemon@1.3.7
72 verbose unbuild rmStuff nodemon@1.3.7 from /usr/local/lib/node_modules
73 silly gentlyRm /usr/local/bin/nodemon is being gently removed
74 silly gentlyRm verifying /usr/local is an npm working directory
75 silly gentlyRm containing path /usr/local is under npm's control, in /usr/local
76 silly gentlyRm deletion target /usr/local/bin/nodemon is under /usr/local
77 verbose gentlyRm vacuuming from /usr/local/bin/nodemon up to /usr/local
78 info postuninstall nodemon@1.3.7
79 silly gentlyRm /usr/local/lib/node_modules/nodemon is being purged from base /usr/local
80 verbose gentlyRm don't care about contents; nuking /usr/local/lib/node_modules/nodemon
81 silly vacuum-fs purging /usr/local/lib/node_modules/nodemon
82 error error rolling back Error: EACCES, unlink '/usr/local/lib/node_modules/nodemon/.jshintrc'
82 error error rolling back     at Error (native)
82 error error rolling back  { [Error: EACCES, unlink '/usr/local/lib/node_modules/nodemon/.jshintrc']
82 error error rolling back   errno: -13,
82 error error rolling back   code: 'EACCES',
82 error error rolling back   path: '/usr/local/lib/node_modules/nodemon/.jshintrc' }
